Using pre-set license
Built from '2020.3/release' branch; Version is '2020.3.2f1 (8fd9074bf66c) revision 9427207'; Using compiler version '192528614'; Build Type 'Release'
OS: 'Windows 10 Home; OS build 19042.1237; Version 2009; 64bit' Language: 'ja' Physical Memory: 7778 MB
BatchMode: 1, IsHumanControllingUs: 0, StartBugReporterOnCrash: 0, Is64bit: 1, IsPro: 0

 COMMAND LINE ARGUMENTS:
C:\Program Files\Unity\Hub\Editor\2020.3.2f1\Editor\Unity.exe
-adb2
-batchMode
-noUpm
-name
AssetImportWorker0
-projectPath
C:/Users/matts/Downloads/nitech_racing-main/cart_test
-logFile
Logs/AssetImportWorker0.log
-srvPort
55423
Successfully changed project path to: C:/Users/matts/Downloads/nitech_racing-main/cart_test
C:/Users/matts/Downloads/nitech_racing-main/cart_test
Using Asset Import Pipeline V2.
Refreshing native plugins compatible for Editor in 23.36 ms, found 0 plugins.
Preloading 0 native plugins for Editor in 0.00 ms.
Initialize engine version: 2020.3.2f1 (8fd9074bf66c)
[Subsystems] Discovering subsystems at path C:/Program Files/Unity/Hub/Editor/2020.3.2f1/Editor/Data/Resources/UnitySubsystems
[Subsystems] Discovering subsystems at path C:/Users/matts/Downloads/nitech_racing-main/cart_test/Assets
GfxDevice: creating device client; threaded=0
Direct3D:
    Version:  Direct3D 11.0 [level 11.1]
    Renderer: Intel(R) Iris(R) Plus Graphics (ID=0x8a52)
    Vendor:   
    VRAM:     3889 MB
    Driver:   27.20.100.8681
Initialize mono
Mono path[0] = 'C:/Program Files/Unity/Hub/Editor/2020.3.2f1/Editor/Data/Managed'
Mono path[1] = 'C:/Program Files/Unity/Hub/Editor/2020.3.2f1/Editor/Data/MonoBleedingEdge/lib/mono/unityjit'
Mono config path = 'C:/Program Files/Unity/Hub/Editor/2020.3.2f1/Editor/Data/MonoBleedingEdge/etc'
Using monoOptions --debugger-agent=transport=dt_socket,embedding=1,server=y,suspend=n,address=127.0.0.1:56668
Begin MonoManager ReloadAssembly
Registering precompiled unity dll's ...
Register platform support module: C:/Program Files/Unity/Hub/Editor/2020.3.2f1/Editor/Data/PlaybackEngines/WebGLSupport/UnityEditor.WebGL.Extensions.dll
Register platform support module: C:/Program Files/Unity/Hub/Editor/2020.3.2f1/Editor/Data/PlaybackEngines/WindowsStandaloneSupport/UnityEditor.WindowsStandalone.Extensions.dll
Register platform support module: C:/Program Files/Unity/Hub/Editor/2020.3.2f1/Editor/Data/PlaybackEngines/LinuxStandaloneSupport/UnityEditor.LinuxStandalone.Extensions.dll
Registered in 0.002231 seconds.
Native extension for LinuxStandalone target not found
Native extension for WindowsStandalone target not found
Native extension for WebGL target not found
Refreshing native plugins compatible for Editor in 27.01 ms, found 0 plugins.
Preloading 0 native plugins for Editor in 0.00 ms.
Invoked RoslynAnalysisRunner static constructor.
RoslynAnalysisRunner will not be running.
RoslynAnalysisRunner has terminated.
Mono: successfully reloaded assembly
- Completed reload, in  1.893 seconds
Platform modules already initialized, skipping
Registering precompiled user dll's ...
Registered in 0.000779 seconds.
Begin MonoManager ReloadAssembly
Native extension for LinuxStandalone target not found
Native extension for WindowsStandalone target not found
Native extension for WebGL target not found
Refreshing native plugins compatible for Editor in 0.20 ms, found 0 plugins.
Preloading 0 native plugins for Editor in 0.00 ms.
Invoked RoslynAnalysisRunner static constructor.
RoslynAnalysisRunner will not be running.
RoslynAnalysisRunner has terminated.
Mono: successfully reloaded assembly
- Completed reload, in  0.828 seconds
Platform modules already initialized, skipping
========================================================================
Worker process is ready to serve import requests
Launched and connected shader compiler UnityShaderCompiler.exe after 0.05 seconds
Refreshing native plugins compatible for Editor in 0.20 ms, found 0 plugins.
Preloading 0 native plugins for Editor in 0.00 ms.
Unloading 1116 Unused Serialized files (Serialized files now loaded: 0)
System memory in use before: 57.5 MB.
System memory in use after: 57.6 MB.

Unloading 10 unused Assets to reduce memory usage. Loaded Objects now: 1559.
Total: 2.097100 ms (FindLiveObjects: 0.247900 ms CreateObjectMapping: 0.055100 ms MarkObjects: 1.702700 ms  DeleteObjects: 0.088900 ms)

========================================================================
Received Import Request.
  path: Assets/M3A1 Scout Car/Main Camera.prefab
  artifactKey: Guid(8c67f91e41432cb4987a6255eb2fbf8c) Importer(815301076,1909f56bfc062723c751e8b465ee728b)
Start importing Assets/M3A1 Scout Car/Main Camera.prefab using Guid(8c67f91e41432cb4987a6255eb2fbf8c) Importer(815301076,1909f56bfc062723c751e8b465ee728b)  -> (artifact id: '74e5ac648366162a4b835ad6206d0c25') in 0.058537 seconds
  Import took 0.061557 seconds .

========================================================================
Received Prepare
Registering precompiled user dll's ...
Registered in 0.000705 seconds.
Begin MonoManager ReloadAssembly
Native extension for LinuxStandalone target not found
Native extension for WindowsStandalone target not found
Native extension for WebGL target not found
Refreshing native plugins compatible for Editor in 0.36 ms, found 0 plugins.
Preloading 0 native plugins for Editor in 0.00 ms.
Invoked RoslynAnalysisRunner static constructor.
RoslynAnalysisRunner will not be running.
RoslynAnalysisRunner has terminated.
Mono: successfully reloaded assembly
- Completed reload, in  0.889 seconds
Platform modules already initialized, skipping
Refreshing native plugins compatible for Editor in 0.20 ms, found 0 plugins.
Preloading 0 native plugins for Editor in 0.00 ms.
Unloading 1111 Unused Serialized files (Serialized files now loaded: 0)
System memory in use before: 57.5 MB.
System memory in use after: 57.5 MB.

Unloading 5 unused Assets to reduce memory usage. Loaded Objects now: 1562.
Total: 1.906600 ms (FindLiveObjects: 0.237300 ms CreateObjectMapping: 0.038800 ms MarkObjects: 1.554400 ms  DeleteObjects: 0.074300 ms)

========================================================================
Received Import Request.
  Time since last request: 395.336191 seconds.
  path: Assets/M3A1 Scout Car/m3a1_wheel00.prefab
  artifactKey: Guid(301691bf3a1e74b4bb245db2666350de) Importer(815301076,1909f56bfc062723c751e8b465ee728b)
Start importing Assets/M3A1 Scout Car/m3a1_wheel00.prefab using Guid(301691bf3a1e74b4bb245db2666350de) Importer(815301076,1909f56bfc062723c751e8b465ee728b)  -> (artifact id: '0802617b7157fed76d1158797f505856') in 0.133572 seconds
  Import took 0.139824 seconds .

========================================================================
Received Import Request.
  Time since last request: 218.005768 seconds.
  path: Assets/M3A1 Scout Car/m3a1_wheel00.prefab
  artifactKey: Guid(301691bf3a1e74b4bb245db2666350de) Importer(815301076,1909f56bfc062723c751e8b465ee728b)
Start importing Assets/M3A1 Scout Car/m3a1_wheel00.prefab using Guid(301691bf3a1e74b4bb245db2666350de) Importer(815301076,1909f56bfc062723c751e8b465ee728b)  -> (artifact id: 'c1208115e931fb12388cbd5e970c7906') in 0.021513 seconds
  Import took 0.025222 seconds .

========================================================================
Received Import Request.
  Time since last request: 0.005110 seconds.
  path: Assets/M3A1 Scout Car/m3a1_wheel00.prefab
  artifactKey: Guid(301691bf3a1e74b4bb245db2666350de) Importer(815301076,1909f56bfc062723c751e8b465ee728b)
Start importing Assets/M3A1 Scout Car/m3a1_wheel00.prefab using Guid(301691bf3a1e74b4bb245db2666350de) Importer(815301076,1909f56bfc062723c751e8b465ee728b)  -> (artifact id: 'c1208115e931fb12388cbd5e970c7906') in 0.029064 seconds
  Import took 0.032079 seconds .

========================================================================
Received Prepare
Registering precompiled user dll's ...
Registered in 0.000610 seconds.
Begin MonoManager ReloadAssembly
Native extension for LinuxStandalone target not found
Native extension for WindowsStandalone target not found
Native extension for WebGL target not found
Refreshing native plugins compatible for Editor in 0.36 ms, found 0 plugins.
Preloading 0 native plugins for Editor in 0.00 ms.
Invoked RoslynAnalysisRunner static constructor.
RoslynAnalysisRunner will not be running.
RoslynAnalysisRunner has terminated.
Mono: successfully reloaded assembly
- Completed reload, in  0.772 seconds
Platform modules already initialized, skipping
Refreshing native plugins compatible for Editor in 0.21 ms, found 0 plugins.
Preloading 0 native plugins for Editor in 0.00 ms.
Unloading 1111 Unused Serialized files (Serialized files now loaded: 0)
System memory in use before: 60.6 MB.
System memory in use after: 60.7 MB.

Unloading 5 unused Assets to reduce memory usage. Loaded Objects now: 1572.
Total: 2.005300 ms (FindLiveObjects: 0.152600 ms CreateObjectMapping: 0.041000 ms MarkObjects: 1.742700 ms  DeleteObjects: 0.067700 ms)

========================================================================
Received Import Request.
  Time since last request: 1593.671963 seconds.
  path: Assets/M3A1 Scout Car/WW2_M3A1_Scout_Car.prefab
  artifactKey: Guid(a00415b82156b3b46bf7429cc0413be3) Importer(815301076,1909f56bfc062723c751e8b465ee728b)
Start importing Assets/M3A1 Scout Car/WW2_M3A1_Scout_Car.prefab using Guid(a00415b82156b3b46bf7429cc0413be3) Importer(815301076,1909f56bfc062723c751e8b465ee728b)  -> (artifact id: '99a75ef50a208f5956c5764d445ffd05') in 0.183876 seconds
  Import took 0.190545 seconds .

========================================================================
Received Import Request.
  Time since last request: 11.525216 seconds.
  path: Assets/M3A1 Scout Car/Sample.prefab
  artifactKey: Guid(a00415b82156b3b46bf7429cc0413be3) Importer(815301076,1909f56bfc062723c751e8b465ee728b)
Start importing Assets/M3A1 Scout Car/Sample.prefab using Guid(a00415b82156b3b46bf7429cc0413be3) Importer(815301076,1909f56bfc062723c751e8b465ee728b)  -> (artifact id: '95519d928a781ce86b47e6dc2fecb8b2') in 0.082952 seconds
  Import took 0.088225 seconds .

========================================================================
Received Prepare
Registering precompiled user dll's ...
Registered in 0.000679 seconds.
Begin MonoManager ReloadAssembly
Native extension for LinuxStandalone target not found
Native extension for WindowsStandalone target not found
Native extension for WebGL target not found
Refreshing native plugins compatible for Editor in 0.22 ms, found 0 plugins.
Preloading 0 native plugins for Editor in 0.00 ms.
Invoked RoslynAnalysisRunner static constructor.
RoslynAnalysisRunner will not be running.
RoslynAnalysisRunner has terminated.
Mono: successfully reloaded assembly
- Completed reload, in  0.770 seconds
Platform modules already initialized, skipping
Refreshing native plugins compatible for Editor in 0.25 ms, found 0 plugins.
Preloading 0 native plugins for Editor in 0.00 ms.
Unloading 1111 Unused Serialized files (Serialized files now loaded: 0)
System memory in use before: 60.7 MB.
System memory in use after: 60.7 MB.

Unloading 5 unused Assets to reduce memory usage. Loaded Objects now: 1576.
Total: 2.397500 ms (FindLiveObjects: 0.253400 ms CreateObjectMapping: 0.088200 ms MarkObjects: 1.984000 ms  DeleteObjects: 0.070300 ms)

========================================================================
Received Import Request.
  Time since last request: 546.225041 seconds.
  path: Assets/M3A1 Scout Car/F_color.mat
  artifactKey: Guid(68143fe1a52387643b2135aab33d0002) Importer(815301076,1909f56bfc062723c751e8b465ee728b)
Start importing Assets/M3A1 Scout Car/F_color.mat using Guid(68143fe1a52387643b2135aab33d0002) Importer(815301076,1909f56bfc062723c751e8b465ee728b)  -> (artifact id: 'bc08d8fd5539726636557256bf91abc0') in 0.089258 seconds
  Import took 0.091872 seconds .

========================================================================
Received Prepare
Registering precompiled user dll's ...
Registered in 0.001191 seconds.
Begin MonoManager ReloadAssembly
Native extension for LinuxStandalone target not found
Native extension for WindowsStandalone target not found
Native extension for WebGL target not found
Refreshing native plugins compatible for Editor in 0.17 ms, found 0 plugins.
Preloading 0 native plugins for Editor in 0.00 ms.
Invoked RoslynAnalysisRunner static constructor.
RoslynAnalysisRunner will not be running.
RoslynAnalysisRunner has terminated.
Mono: successfully reloaded assembly
- Completed reload, in  0.771 seconds
Platform modules already initialized, skipping
Refreshing native plugins compatible for Editor in 0.20 ms, found 0 plugins.
Preloading 0 native plugins for Editor in 0.00 ms.
Unloading 1111 Unused Serialized files (Serialized files now loaded: 0)
System memory in use before: 60.9 MB.
System memory in use after: 61.0 MB.

Unloading 5 unused Assets to reduce memory usage. Loaded Objects now: 1613.
Total: 3.194500 ms (FindLiveObjects: 0.320900 ms CreateObjectMapping: 0.048900 ms MarkObjects: 2.765800 ms  DeleteObjects: 0.057500 ms)

========================================================================
Received Import Request.
  Time since last request: 385.014331 seconds.
  path: Assets/M3A1 Scout Car/P_color.mat
  artifactKey: Guid(d5e799adb0cc9e041a82871d77c74cad) Importer(815301076,1909f56bfc062723c751e8b465ee728b)
Start importing Assets/M3A1 Scout Car/P_color.mat using Guid(d5e799adb0cc9e041a82871d77c74cad) Importer(815301076,1909f56bfc062723c751e8b465ee728b)  -> (artifact id: '23bad2a784b4c4cbf838b01d205cc176') in 0.077201 seconds
  Import took 0.080733 seconds .

========================================================================
Received Prepare
Registering precompiled user dll's ...
Registered in 0.000723 seconds.
Begin MonoManager ReloadAssembly
Native extension for LinuxStandalone target not found
Native extension for WindowsStandalone target not found
Native extension for WebGL target not found
Refreshing native plugins compatible for Editor in 0.19 ms, found 0 plugins.
Preloading 0 native plugins for Editor in 0.00 ms.
Invoked RoslynAnalysisRunner static constructor.
RoslynAnalysisRunner will not be running.
RoslynAnalysisRunner has terminated.
Mono: successfully reloaded assembly
- Completed reload, in  0.776 seconds
Platform modules already initialized, skipping
Refreshing native plugins compatible for Editor in 0.23 ms, found 0 plugins.
Preloading 0 native plugins for Editor in 0.00 ms.
Unloading 1111 Unused Serialized files (Serialized files now loaded: 0)
System memory in use before: 60.9 MB.
System memory in use after: 61.0 MB.

Unloading 5 unused Assets to reduce memory usage. Loaded Objects now: 1617.
Total: 2.208300 ms (FindLiveObjects: 0.187900 ms CreateObjectMapping: 0.048200 ms MarkObjects: 1.905500 ms  DeleteObjects: 0.064800 ms)

========================================================================
Received Prepare
Registering precompiled user dll's ...
Registered in 0.000823 seconds.
Begin MonoManager ReloadAssembly
Native extension for LinuxStandalone target not found
Native extension for WindowsStandalone target not found
Native extension for WebGL target not found
Refreshing native plugins compatible for Editor in 0.18 ms, found 0 plugins.
Preloading 0 native plugins for Editor in 0.00 ms.
Invoked RoslynAnalysisRunner static constructor.
RoslynAnalysisRunner will not be running.
RoslynAnalysisRunner has terminated.
Mono: successfully reloaded assembly
- Completed reload, in  0.753 seconds
Platform modules already initialized, skipping
Refreshing native plugins compatible for Editor in 0.22 ms, found 0 plugins.
Preloading 0 native plugins for Editor in 0.00 ms.
Unloading 1111 Unused Serialized files (Serialized files now loaded: 0)
System memory in use before: 60.9 MB.
System memory in use after: 61.0 MB.

Unloading 5 unused Assets to reduce memory usage. Loaded Objects now: 1620.
Total: 1.594600 ms (FindLiveObjects: 0.120800 ms CreateObjectMapping: 0.032400 ms MarkObjects: 1.379200 ms  DeleteObjects: 0.060800 ms)

========================================================================
Received Import Request.
  Time since last request: 641.908612 seconds.
  path: Assets/M3A1 Scout Car/R.jpg
  artifactKey: Guid(e1044bb23dfa98c4f92ac9766513a1b8) Importer(815301076,1909f56bfc062723c751e8b465ee728b)
Start importing Assets/M3A1 Scout Car/R.jpg using Guid(e1044bb23dfa98c4f92ac9766513a1b8) Importer(815301076,1909f56bfc062723c751e8b465ee728b)  -> (artifact id: '2dc37d64af9420385ae3f9367b00988f') in 0.057975 seconds
  Import took 0.061327 seconds .

========================================================================
Received Import Request.
  Time since last request: 163.088827 seconds.
  path: Assets/M3A1 Scout Car/Plane.prefab
  artifactKey: Guid(cb1e464f8efbd0d40886c0327fc75646) Importer(815301076,1909f56bfc062723c751e8b465ee728b)
Start importing Assets/M3A1 Scout Car/Plane.prefab using Guid(cb1e464f8efbd0d40886c0327fc75646) Importer(815301076,1909f56bfc062723c751e8b465ee728b)  -> (artifact id: '9438e93dae20474ea7b0c00755ccd891') in 0.044626 seconds
  Import took 0.049445 seconds .

========================================================================
Received Import Request.
  Time since last request: 175.511114 seconds.
  path: Assets/M3A1 Scout Car/R.jpg
  artifactKey: Guid(e1044bb23dfa98c4f92ac9766513a1b8) Importer(815301076,1909f56bfc062723c751e8b465ee728b)
Start importing Assets/M3A1 Scout Car/R.jpg using Guid(e1044bb23dfa98c4f92ac9766513a1b8) Importer(815301076,1909f56bfc062723c751e8b465ee728b)  -> (artifact id: '3de301de830ab6dcff4b3000403194c4') in 0.055525 seconds
  Import took 0.058382 seconds .

========================================================================
Received Import Request.
  Time since last request: 67.871666 seconds.
  path: Assets/M3A1 Scout Car/F_color.mat
  artifactKey: Guid(68143fe1a52387643b2135aab33d0002) Importer(815301076,1909f56bfc062723c751e8b465ee728b)
Start importing Assets/M3A1 Scout Car/F_color.mat using Guid(68143fe1a52387643b2135aab33d0002) Importer(815301076,1909f56bfc062723c751e8b465ee728b)  -> (artifact id: '1c4c0fa996e044bb81fa56789652d7ba') in 0.041274 seconds
  Import took 0.044429 seconds .

========================================================================
Received Import Request.
  Time since last request: 0.000248 seconds.
  path: Assets/M3A1 Scout Car/P_color.mat
  artifactKey: Guid(d5e799adb0cc9e041a82871d77c74cad) Importer(815301076,1909f56bfc062723c751e8b465ee728b)
Start importing Assets/M3A1 Scout Car/P_color.mat using Guid(d5e799adb0cc9e041a82871d77c74cad) Importer(815301076,1909f56bfc062723c751e8b465ee728b)  -> (artifact id: 'c0a9344695fb4f14bd9066571b411865') in 0.026451 seconds
  Import took 0.029589 seconds .

========================================================================
Received Prepare
Registering precompiled user dll's ...
Registered in 0.000663 seconds.
Begin MonoManager ReloadAssembly
Native extension for LinuxStandalone target not found
Native extension for WindowsStandalone target not found
Native extension for WebGL target not found
Refreshing native plugins compatible for Editor in 0.25 ms, found 0 plugins.
Preloading 0 native plugins for Editor in 0.00 ms.
Invoked RoslynAnalysisRunner static constructor.
RoslynAnalysisRunner will not be running.
RoslynAnalysisRunner has terminated.
Mono: successfully reloaded assembly
- Completed reload, in  0.769 seconds
Platform modules already initialized, skipping
Refreshing native plugins compatible for Editor in 0.20 ms, found 0 plugins.
Preloading 0 native plugins for Editor in 0.00 ms.
Unloading 1111 Unused Serialized files (Serialized files now loaded: 0)
System memory in use before: 61.0 MB.
System memory in use after: 61.0 MB.

Unloading 5 unused Assets to reduce memory usage. Loaded Objects now: 1628.
Total: 2.521900 ms (FindLiveObjects: 0.183300 ms CreateObjectMapping: 0.046600 ms MarkObjects: 2.190100 ms  DeleteObjects: 0.099900 ms)

========================================================================
Received Prepare
Registering precompiled user dll's ...
Registered in 0.000529 seconds.
Begin MonoManager ReloadAssembly
Native extension for LinuxStandalone target not found
Native extension for WindowsStandalone target not found
Native extension for WebGL target not found
Refreshing native plugins compatible for Editor in 0.21 ms, found 0 plugins.
Preloading 0 native plugins for Editor in 0.00 ms.
Invoked RoslynAnalysisRunner static constructor.
RoslynAnalysisRunner will not be running.
RoslynAnalysisRunner has terminated.
Mono: successfully reloaded assembly
- Completed reload, in  0.757 seconds
Platform modules already initialized, skipping
Refreshing native plugins compatible for Editor in 0.30 ms, found 0 plugins.
Preloading 0 native plugins for Editor in 0.00 ms.
Unloading 1111 Unused Serialized files (Serialized files now loaded: 0)
System memory in use before: 61.0 MB.
System memory in use after: 61.0 MB.

Unloading 5 unused Assets to reduce memory usage. Loaded Objects now: 1631.
Total: 2.371800 ms (FindLiveObjects: 0.124500 ms CreateObjectMapping: 0.037000 ms MarkObjects: 2.155400 ms  DeleteObjects: 0.053400 ms)

========================================================================
Received Import Request.
  Time since last request: 736.464554 seconds.
  path: Assets/M3A1 Scout Car/R.prefab
  artifactKey: Guid(2077a87b56ece25488c0fec2b87d4681) Importer(815301076,1909f56bfc062723c751e8b465ee728b)
Start importing Assets/M3A1 Scout Car/R.prefab using Guid(2077a87b56ece25488c0fec2b87d4681) Importer(815301076,1909f56bfc062723c751e8b465ee728b)  -> (artifact id: 'fdabfe6c4d0ec20caa1196b28a5d9aa8') in 0.073240 seconds
  Import took 0.076757 seconds .

========================================================================
Received Prepare
Registering precompiled user dll's ...
Registered in 0.000594 seconds.
Begin MonoManager ReloadAssembly
Native extension for LinuxStandalone target not found
Native extension for WindowsStandalone target not found
Native extension for WebGL target not found
Refreshing native plugins compatible for Editor in 0.22 ms, found 0 plugins.
Preloading 0 native plugins for Editor in 0.00 ms.
Invoked RoslynAnalysisRunner static constructor.
RoslynAnalysisRunner will not be running.
RoslynAnalysisRunner has terminated.
Mono: successfully reloaded assembly
- Completed reload, in  0.801 seconds
Platform modules already initialized, skipping
Refreshing native plugins compatible for Editor in 0.19 ms, found 0 plugins.
Preloading 0 native plugins for Editor in 0.00 ms.
Unloading 1111 Unused Serialized files (Serialized files now loaded: 0)
System memory in use before: 61.0 MB.
System memory in use after: 61.1 MB.

Unloading 5 unused Assets to reduce memory usage. Loaded Objects now: 1635.
Total: 2.753900 ms (FindLiveObjects: 0.191200 ms CreateObjectMapping: 0.110400 ms MarkObjects: 2.396800 ms  DeleteObjects: 0.053800 ms)

========================================================================
Received Import Request.
  Time since last request: 225.064141 seconds.
  path: Assets/M3A1 Scout Car/20170513013624.jpg
  artifactKey: Guid(9b59e877ab843744c971f5efab0d2d25) Importer(815301076,1909f56bfc062723c751e8b465ee728b)
Start importing Assets/M3A1 Scout Car/20170513013624.jpg using Guid(9b59e877ab843744c971f5efab0d2d25) Importer(815301076,1909f56bfc062723c751e8b465ee728b)  -> (artifact id: 'f64bd935921cb59fe126c0b4436bcd00') in 0.056021 seconds
  Import took 0.059177 seconds .

========================================================================
Received Import Request.
  Time since last request: 12.524070 seconds.
  path: Assets/M3A1 Scout Car/20170513013624.jpg
  artifactKey: Guid(9b59e877ab843744c971f5efab0d2d25) Importer(815301076,1909f56bfc062723c751e8b465ee728b)
Start importing Assets/M3A1 Scout Car/20170513013624.jpg using Guid(9b59e877ab843744c971f5efab0d2d25) Importer(815301076,1909f56bfc062723c751e8b465ee728b)  -> (artifact id: 'f076195a9874d49fddf139c1784196af') in 0.050971 seconds
  Import took 0.053073 seconds .

========================================================================
Received Prepare
Registering precompiled user dll's ...
Registered in 0.000578 seconds.
Begin MonoManager ReloadAssembly
Native extension for LinuxStandalone target not found
Native extension for WindowsStandalone target not found
Native extension for WebGL target not found
Refreshing native plugins compatible for Editor in 0.25 ms, found 0 plugins.
Preloading 0 native plugins for Editor in 0.00 ms.
Invoked RoslynAnalysisRunner static constructor.
RoslynAnalysisRunner will not be running.
RoslynAnalysisRunner has terminated.
Mono: successfully reloaded assembly
- Completed reload, in  0.809 seconds
Platform modules already initialized, skipping
Refreshing native plugins compatible for Editor in 0.22 ms, found 0 plugins.
Preloading 0 native plugins for Editor in 0.00 ms.
Unloading 1111 Unused Serialized files (Serialized files now loaded: 0)
System memory in use before: 61.0 MB.
System memory in use after: 61.1 MB.

Unloading 5 unused Assets to reduce memory usage. Loaded Objects now: 1642.
Total: 2.242500 ms (FindLiveObjects: 0.181500 ms CreateObjectMapping: 0.050600 ms MarkObjects: 1.925200 ms  DeleteObjects: 0.083600 ms)

AssetImportWorkerClient::OnTransportError - code=2 error=End of file
